INFO  [2025-06-20 16:28:47] [main] [] [EtcApplication:50] Starting EtcApplication using Java 17.0.14 with PID 77168 (/Users/choibyungjae/Desktop/project/0.study/10.etc/etc/build/classes/java/main started by choibyungjae in /Users/choibyungjae/Desktop/project/0.study/10.etc/etc)
INFO  [2025-06-20 16:28:47] [main] [] [EtcApplication:654] No active profile set, falling back to 1 default profile: "default"
INFO  [2025-06-20 16:28:47] [main] [] [RepositoryConfigurationDelegate:143] Bootstrapping Spring Data JPA repositories in DEFAULT mode.
INFO  [2025-06-20 16:28:47] [main] [] [RepositoryConfigurationDelegate:211] Finished Spring Data repository scanning in 26 ms. Found 1 JPA repository interface.
INFO  [2025-06-20 16:28:47] [main] [] [TomcatWebServer:109] Tomcat initialized with port 23512 (http)
INFO  [2025-06-20 16:28:47] [main] [] [StandardService:173] Starting service [Tomcat]
INFO  [2025-06-20 16:28:47] [main] [] [StandardEngine:173] Starting Servlet engine: [Apache Tomcat/10.1.20]
INFO  [2025-06-20 16:28:47] [main] [] [[/]:173] Initializing Spring embedded WebApplicationContext
INFO  [2025-06-20 16:28:47] [main] [] [ServletWebServerApplicationContext:296] Root WebApplicationContext: initialization completed in 503 ms
INFO  [2025-06-20 16:28:47] [main] [] [LogHelper:31] HHH000204: Processing PersistenceUnitInfo [name: default]
INFO  [2025-06-20 16:28:47] [main] [] [Version:44] HHH000412: Hibernate ORM core version 6.4.4.Final
INFO  [2025-06-20 16:28:47] [main] [] [RegionFactoryInitiator:50] HHH000026: Second-level cache disabled
INFO  [2025-06-20 16:28:48] [main] [] [SpringPersistenceUnitInfo:87] No LoadTimeWeaver setup: ignoring JPA class transformer
INFO  [2025-06-20 16:28:48] [main] [] [HikariDataSource:110] HikariPool-1 - Starting...
INFO  [2025-06-20 16:28:48] [main] [] [HikariPool:565] HikariPool-1 - Added connection conn0: url=jdbc:h2:mem:015f16df-acf1-451e-9771-6c8b06b0e598 user=SA
INFO  [2025-06-20 16:28:48] [main] [] [HikariDataSource:123] HikariPool-1 - Start completed.
INFO  [2025-06-20 16:28:48] [main] [] [JtaPlatformInitiator:58] HHH000489: No JTA platform available (set 'hibernate.transaction.jta.platform' to enable JTA platform integration)
INFO  [2025-06-20 16:28:48] [main] [] [LocalContainerEntityManagerFactoryBean:437] Initialized JPA EntityManagerFactory for persistence unit 'default'
INFO  [2025-06-20 16:28:48] [main] [] [CompanyService:51] ### CompanyService.initData
WARN  [2025-06-20 16:28:48] [main] [] [JpaBaseConfiguration$JpaWebConfiguration:232] spring.jpa.open-in-view is enabled by default. Therefore, database queries may be performed during view rendering. Explicitly configure spring.jpa.open-in-view to disable this warning
INFO  [2025-06-20 16:28:48] [main] [] [TomcatWebServer:241] Tomcat started on port 23512 (http) with context path ''
INFO  [2025-06-20 16:28:48] [main] [] [EtcApplication:56] Started EtcApplication in 1.608 seconds (process running for 2.016)
INFO  [2025-06-20 16:29:59] [http-nio-23512-exec-2] [] [[/]:173] Initializing Spring DispatcherServlet 'dispatcherServlet'
INFO  [2025-06-20 16:29:59] [http-nio-23512-exec-2] [] [DispatcherServlet:532] Initializing Servlet 'dispatcherServlet'
INFO  [2025-06-20 16:29:59] [http-nio-23512-exec-2] [] [DispatcherServlet:554] Completed initialization in 1 ms
WARN  [2025-06-20 16:29:59] [http-nio-23512-exec-2] [] [DefaultHandlerExceptionResolver:247] Resolved [org.springframework.web.HttpRequestMethodNotSupportedException: Request method 'GET' is not supported]
ERROR [2025-06-20 16:29:59] [http-nio-23512-exec-2] [12649f81-488a-47b3-a801-47301e90bb56] [LogController2:26] ### LogController2.TestLog
ERROR [2025-06-20 16:29:59] [http-nio-23512-exec-2] [12649f81-488a-47b3-a801-47301e90bb56] [LogController2:27] ### bjchoi
ERROR [2025-06-20 16:29:59] [http-nio-23512-exec-2] [12649f81-488a-47b3-a801-47301e90bb56] [LogService:16] ### LogService.saveErrorLog
WARN  [2025-06-20 16:30:17] [http-nio-23512-exec-3] [adc01f13-1623-4491-aa22-ce5253c30cbb] [DefaultHandlerExceptionResolver:247] Resolved [org.springframework.web.bind.MissingServletRequestParameterException: Required request parameter 'name' for method parameter type String is not present]
ERROR [2025-06-20 16:30:17] [http-nio-23512-exec-3] [63b02b76-96da-468d-ab35-cc174d5afac7] [LogController2:26] ### LogController2.TestLog
ERROR [2025-06-20 16:30:17] [http-nio-23512-exec-3] [63b02b76-96da-468d-ab35-cc174d5afac7] [LogController2:27] ### bjchoi
ERROR [2025-06-20 16:30:17] [http-nio-23512-exec-3] [63b02b76-96da-468d-ab35-cc174d5afac7] [LogService:16] ### LogService.saveErrorLog
WARN  [2025-06-20 16:30:22] [http-nio-23512-exec-5] [c2e15aad-aa5b-42a7-a82c-4735284b2d2a] [DefaultHandlerExceptionResolver:247] Resolved [org.springframework.web.bind.MissingServletRequestParameterException: Required request parameter 'name' for method parameter type String is not present]
ERROR [2025-06-20 16:30:22] [http-nio-23512-exec-5] [328a6ad4-f37e-4a55-a2c6-2b8f63a8581a] [LogController2:26] ### LogController2.TestLog
ERROR [2025-06-20 16:30:22] [http-nio-23512-exec-5] [328a6ad4-f37e-4a55-a2c6-2b8f63a8581a] [LogController2:27] ### bjchoi
ERROR [2025-06-20 16:30:22] [http-nio-23512-exec-5] [328a6ad4-f37e-4a55-a2c6-2b8f63a8581a] [LogService:16] ### LogService.saveErrorLog
INFO  [2025-06-20 16:30:57] [http-nio-23512-exec-7] [0ea46762-6d80-44b1-96af-532f77a1d4f2] [TrimController:26] ### RecordTestController.getTest
INFO  [2025-06-20 16:30:57] [http-nio-23512-exec-7] [0ea46762-6d80-44b1-96af-532f77a1d4f2] [TrimController:27] ### name = name, address = address
INFO  [2025-06-20 16:31:10] [SpringApplicationShutdownHook] [] [LocalContainerEntityManagerFactoryBean:650] Closing JPA EntityManagerFactory for persistence unit 'default'
INFO  [2025-06-20 16:31:10] [SpringApplicationShutdownHook] [] [HikariDataSource:350] HikariPool-1 - Shutdown initiated...
INFO  [2025-06-20 16:31:10] [SpringApplicationShutdownHook] [] [HikariDataSource:352] HikariPool-1 - Shutdown completed.
INFO  [2025-06-20 16:31:12] [main] [] [EtcApplication:50] Starting EtcApplication using Java 17.0.14 with PID 77894 (/Users/choibyungjae/Desktop/project/0.study/10.etc/etc/build/classes/java/main started by choibyungjae in /Users/choibyungjae/Desktop/project/0.study/10.etc/etc)
INFO  [2025-06-20 16:31:12] [main] [] [EtcApplication:654] No active profile set, falling back to 1 default profile: "default"
INFO  [2025-06-20 16:31:12] [main] [] [RepositoryConfigurationDelegate:143] Bootstrapping Spring Data JPA repositories in DEFAULT mode.
INFO  [2025-06-20 16:31:12] [main] [] [RepositoryConfigurationDelegate:211] Finished Spring Data repository scanning in 21 ms. Found 1 JPA repository interface.
INFO  [2025-06-20 16:31:12] [main] [] [TomcatWebServer:109] Tomcat initialized with port 23512 (http)
INFO  [2025-06-20 16:31:12] [main] [] [StandardService:173] Starting service [Tomcat]
INFO  [2025-06-20 16:31:12] [main] [] [StandardEngine:173] Starting Servlet engine: [Apache Tomcat/10.1.20]
INFO  [2025-06-20 16:31:12] [main] [] [[/]:173] Initializing Spring embedded WebApplicationContext
INFO  [2025-06-20 16:31:12] [main] [] [ServletWebServerApplicationContext:296] Root WebApplicationContext: initialization completed in 438 ms
INFO  [2025-06-20 16:31:12] [main] [] [LogHelper:31] HHH000204: Processing PersistenceUnitInfo [name: default]
INFO  [2025-06-20 16:31:12] [main] [] [Version:44] HHH000412: Hibernate ORM core version 6.4.4.Final
INFO  [2025-06-20 16:31:12] [main] [] [RegionFactoryInitiator:50] HHH000026: Second-level cache disabled
INFO  [2025-06-20 16:31:13] [main] [] [SpringPersistenceUnitInfo:87] No LoadTimeWeaver setup: ignoring JPA class transformer
INFO  [2025-06-20 16:31:13] [main] [] [HikariDataSource:110] HikariPool-1 - Starting...
INFO  [2025-06-20 16:31:13] [main] [] [HikariPool:565] HikariPool-1 - Added connection conn0: url=jdbc:h2:mem:81be58a8-39c4-41d5-8538-7fb0d9f593e4 user=SA
INFO  [2025-06-20 16:31:13] [main] [] [HikariDataSource:123] HikariPool-1 - Start completed.
INFO  [2025-06-20 16:31:13] [main] [] [JtaPlatformInitiator:58] HHH000489: No JTA platform available (set 'hibernate.transaction.jta.platform' to enable JTA platform integration)
INFO  [2025-06-20 16:31:13] [main] [] [LocalContainerEntityManagerFactoryBean:437] Initialized JPA EntityManagerFactory for persistence unit 'default'
INFO  [2025-06-20 16:31:13] [main] [] [CompanyService:51] ### CompanyService.initData
WARN  [2025-06-20 16:31:13] [main] [] [JpaBaseConfiguration$JpaWebConfiguration:232] spring.jpa.open-in-view is enabled by default. Therefore, database queries may be performed during view rendering. Explicitly configure spring.jpa.open-in-view to disable this warning
INFO  [2025-06-20 16:31:13] [main] [] [TomcatWebServer:241] Tomcat started on port 23512 (http) with context path ''
INFO  [2025-06-20 16:31:13] [main] [] [EtcApplication:56] Started EtcApplication in 1.562 seconds (process running for 1.952)
INFO  [2025-06-20 16:31:24] [http-nio-23512-exec-1] [] [[/]:173] Initializing Spring DispatcherServlet 'dispatcherServlet'
INFO  [2025-06-20 16:31:24] [http-nio-23512-exec-1] [] [DispatcherServlet:532] Initializing Servlet 'dispatcherServlet'
INFO  [2025-06-20 16:31:24] [http-nio-23512-exec-1] [] [DispatcherServlet:554] Completed initialization in 0 ms
INFO  [2025-06-20 16:31:24] [http-nio-23512-exec-1] [35bc172b-977c-4d36-9d6f-339f5f643998] [TrimController:26] ### RecordTestController.getTest
INFO  [2025-06-20 16:31:24] [http-nio-23512-exec-1] [35bc172b-977c-4d36-9d6f-339f5f643998] [TrimController:27] ### name =name, address =address
INFO  [2025-06-20 16:31:34] [SpringApplicationShutdownHook] [] [LocalContainerEntityManagerFactoryBean:650] Closing JPA EntityManagerFactory for persistence unit 'default'
INFO  [2025-06-20 16:31:34] [SpringApplicationShutdownHook] [] [HikariDataSource:350] HikariPool-1 - Shutdown initiated...
INFO  [2025-06-20 16:31:34] [SpringApplicationShutdownHook] [] [HikariDataSource:352] HikariPool-1 - Shutdown completed.
INFO  [2025-06-20 16:31:35] [main] [] [EtcApplication:50] Starting EtcApplication using Java 17.0.14 with PID 78009 (/Users/choibyungjae/Desktop/project/0.study/10.etc/etc/build/classes/java/main started by choibyungjae in /Users/choibyungjae/Desktop/project/0.study/10.etc/etc)
INFO  [2025-06-20 16:31:35] [main] [] [EtcApplication:654] No active profile set, falling back to 1 default profile: "default"
INFO  [2025-06-20 16:31:36] [main] [] [RepositoryConfigurationDelegate:143] Bootstrapping Spring Data JPA repositories in DEFAULT mode.
INFO  [2025-06-20 16:31:36] [main] [] [RepositoryConfigurationDelegate:211] Finished Spring Data repository scanning in 18 ms. Found 1 JPA repository interface.
INFO  [2025-06-20 16:31:36] [main] [] [TomcatWebServer:109] Tomcat initialized with port 23512 (http)
INFO  [2025-06-20 16:31:36] [main] [] [StandardService:173] Starting service [Tomcat]
INFO  [2025-06-20 16:31:36] [main] [] [StandardEngine:173] Starting Servlet engine: [Apache Tomcat/10.1.20]
INFO  [2025-06-20 16:31:36] [main] [] [[/]:173] Initializing Spring embedded WebApplicationContext
INFO  [2025-06-20 16:31:36] [main] [] [ServletWebServerApplicationContext:296] Root WebApplicationContext: initialization completed in 419 ms
INFO  [2025-06-20 16:31:36] [main] [] [LogHelper:31] HHH000204: Processing PersistenceUnitInfo [name: default]
INFO  [2025-06-20 16:31:36] [main] [] [Version:44] HHH000412: Hibernate ORM core version 6.4.4.Final
INFO  [2025-06-20 16:31:36] [main] [] [RegionFactoryInitiator:50] HHH000026: Second-level cache disabled
INFO  [2025-06-20 16:31:36] [main] [] [SpringPersistenceUnitInfo:87] No LoadTimeWeaver setup: ignoring JPA class transformer
INFO  [2025-06-20 16:31:36] [main] [] [HikariDataSource:110] HikariPool-1 - Starting...
INFO  [2025-06-20 16:31:36] [main] [] [HikariPool:565] HikariPool-1 - Added connection conn0: url=jdbc:h2:mem:1e3617a3-17bc-4aba-9156-894e4de7ae42 user=SA
INFO  [2025-06-20 16:31:36] [main] [] [HikariDataSource:123] HikariPool-1 - Start completed.
INFO  [2025-06-20 16:31:36] [main] [] [JtaPlatformInitiator:58] HHH000489: No JTA platform available (set 'hibernate.transaction.jta.platform' to enable JTA platform integration)
INFO  [2025-06-20 16:31:36] [main] [] [LocalContainerEntityManagerFactoryBean:437] Initialized JPA EntityManagerFactory for persistence unit 'default'
INFO  [2025-06-20 16:31:36] [main] [] [CompanyService:51] ### CompanyService.initData
WARN  [2025-06-20 16:31:36] [main] [] [JpaBaseConfiguration$JpaWebConfiguration:232] spring.jpa.open-in-view is enabled by default. Therefore, database queries may be performed during view rendering. Explicitly configure spring.jpa.open-in-view to disable this warning
INFO  [2025-06-20 16:31:37] [main] [] [TomcatWebServer:241] Tomcat started on port 23512 (http) with context path ''
INFO  [2025-06-20 16:31:37] [main] [] [EtcApplication:56] Started EtcApplication in 1.407 seconds (process running for 1.614)
INFO  [2025-06-20 16:31:42] [http-nio-23512-exec-1] [] [[/]:173] Initializing Spring DispatcherServlet 'dispatcherServlet'
INFO  [2025-06-20 16:31:42] [http-nio-23512-exec-1] [] [DispatcherServlet:532] Initializing Servlet 'dispatcherServlet'
INFO  [2025-06-20 16:31:42] [http-nio-23512-exec-1] [] [DispatcherServlet:554] Completed initialization in 1 ms
INFO  [2025-06-20 16:31:42] [http-nio-23512-exec-1] [de7c83bc-e2a0-4c93-963c-216ec08e7c91] [TrimController:26] ### RecordTestController.getTest
INFO  [2025-06-20 16:31:42] [http-nio-23512-exec-1] [de7c83bc-e2a0-4c93-963c-216ec08e7c91] [TrimController:27] ### name = name , address =address
INFO  [2025-06-20 16:32:00] [SpringApplicationShutdownHook] [] [LocalContainerEntityManagerFactoryBean:650] Closing JPA EntityManagerFactory for persistence unit 'default'
INFO  [2025-06-20 16:32:00] [SpringApplicationShutdownHook] [] [HikariDataSource:350] HikariPool-1 - Shutdown initiated...
INFO  [2025-06-20 16:32:00] [SpringApplicationShutdownHook] [] [HikariDataSource:352] HikariPool-1 - Shutdown completed.
INFO  [2025-06-20 16:32:01] [main] [] [EtcApplication:50] Starting EtcApplication using Java 17.0.14 with PID 78154 (/Users/choibyungjae/Desktop/project/0.study/10.etc/etc/build/classes/java/main started by choibyungjae in /Users/choibyungjae/Desktop/project/0.study/10.etc/etc)
INFO  [2025-06-20 16:32:01] [main] [] [EtcApplication:654] No active profile set, falling back to 1 default profile: "default"
INFO  [2025-06-20 16:32:01] [main] [] [RepositoryConfigurationDelegate:143] Bootstrapping Spring Data JPA repositories in DEFAULT mode.
INFO  [2025-06-20 16:32:01] [main] [] [RepositoryConfigurationDelegate:211] Finished Spring Data repository scanning in 23 ms. Found 1 JPA repository interface.
INFO  [2025-06-20 16:32:01] [main] [] [TomcatWebServer:109] Tomcat initialized with port 23512 (http)
INFO  [2025-06-20 16:32:01] [main] [] [StandardService:173] Starting service [Tomcat]
INFO  [2025-06-20 16:32:01] [main] [] [StandardEngine:173] Starting Servlet engine: [Apache Tomcat/10.1.20]
INFO  [2025-06-20 16:32:01] [main] [] [[/]:173] Initializing Spring embedded WebApplicationContext
INFO  [2025-06-20 16:32:01] [main] [] [ServletWebServerApplicationContext:296] Root WebApplicationContext: initialization completed in 496 ms
INFO  [2025-06-20 16:32:01] [main] [] [LogHelper:31] HHH000204: Processing PersistenceUnitInfo [name: default]
INFO  [2025-06-20 16:32:01] [main] [] [Version:44] HHH000412: Hibernate ORM core version 6.4.4.Final
INFO  [2025-06-20 16:32:01] [main] [] [RegionFactoryInitiator:50] HHH000026: Second-level cache disabled
INFO  [2025-06-20 16:32:02] [main] [] [SpringPersistenceUnitInfo:87] No LoadTimeWeaver setup: ignoring JPA class transformer
INFO  [2025-06-20 16:32:02] [main] [] [HikariDataSource:110] HikariPool-1 - Starting...
INFO  [2025-06-20 16:32:02] [main] [] [HikariPool:565] HikariPool-1 - Added connection conn0: url=jdbc:h2:mem:df3dc79d-47d3-4757-ad6b-0069a5eb02b6 user=SA
INFO  [2025-06-20 16:32:02] [main] [] [HikariDataSource:123] HikariPool-1 - Start completed.
INFO  [2025-06-20 16:32:02] [main] [] [JtaPlatformInitiator:58] HHH000489: No JTA platform available (set 'hibernate.transaction.jta.platform' to enable JTA platform integration)
INFO  [2025-06-20 16:32:02] [main] [] [LocalContainerEntityManagerFactoryBean:437] Initialized JPA EntityManagerFactory for persistence unit 'default'
INFO  [2025-06-20 16:32:02] [main] [] [CompanyService:51] ### CompanyService.initData
WARN  [2025-06-20 16:32:02] [main] [] [JpaBaseConfiguration$JpaWebConfiguration:232] spring.jpa.open-in-view is enabled by default. Therefore, database queries may be performed during view rendering. Explicitly configure spring.jpa.open-in-view to disable this warning
INFO  [2025-06-20 16:32:02] [main] [] [TomcatWebServer:241] Tomcat started on port 23512 (http) with context path ''
INFO  [2025-06-20 16:32:02] [main] [] [EtcApplication:56] Started EtcApplication in 1.567 seconds (process running for 1.783)
INFO  [2025-06-20 16:32:05] [http-nio-23512-exec-1] [] [[/]:173] Initializing Spring DispatcherServlet 'dispatcherServlet'
INFO  [2025-06-20 16:32:05] [http-nio-23512-exec-1] [] [DispatcherServlet:532] Initializing Servlet 'dispatcherServlet'
INFO  [2025-06-20 16:32:05] [http-nio-23512-exec-1] [] [DispatcherServlet:554] Completed initialization in 1 ms
INFO  [2025-06-20 16:32:05] [http-nio-23512-exec-1] [e0982700-0a95-406a-91c8-98c5b4c24bb9] [TrimController:26] ### RecordTestController.getTest
INFO  [2025-06-20 16:32:05] [http-nio-23512-exec-1] [e0982700-0a95-406a-91c8-98c5b4c24bb9] [TrimController:27] ### name =name, address =address
ERROR [2025-06-20 16:32:28] [http-nio-23512-exec-3] [60867d82-ee83-4892-97a0-4a7191f68df9] [LogController2:26] ### LogController2.TestLog
ERROR [2025-06-20 16:32:28] [http-nio-23512-exec-3] [60867d82-ee83-4892-97a0-4a7191f68df9] [LogController2:27] ### bjchoi
ERROR [2025-06-20 16:32:28] [http-nio-23512-exec-3] [60867d82-ee83-4892-97a0-4a7191f68df9] [LogService:16] ### LogService.saveErrorLog
ERROR [2025-06-20 16:32:40] [http-nio-23512-exec-4] [68cf7139-2fc7-4b24-b6a5-9ea613005d36] [LogController2:26] ### LogController2.TestLog
ERROR [2025-06-20 16:32:40] [http-nio-23512-exec-4] [68cf7139-2fc7-4b24-b6a5-9ea613005d36] [LogController2:27] ### bjchoi
ERROR [2025-06-20 16:32:40] [http-nio-23512-exec-4] [68cf7139-2fc7-4b24-b6a5-9ea613005d36] [LogService:16] ### LogService.saveErrorLog
INFO  [2025-06-20 16:32:48] [http-nio-23512-exec-5] [de0bb749-7781-4b6e-9b2f-dee335b536b4] [TrimController:17] ### RecordTestController.getTest
INFO  [2025-06-20 16:32:48] [http-nio-23512-exec-5] [de0bb749-7781-4b6e-9b2f-dee335b536b4] [TrimController:18] ### name = name
INFO  [2025-06-20 16:32:49] [http-nio-23512-exec-6] [82606078-5f51-4ef2-a394-e3d7f755c8a7] [TrimController:17] ### RecordTestController.getTest
INFO  [2025-06-20 16:32:49] [http-nio-23512-exec-6] [82606078-5f51-4ef2-a394-e3d7f755c8a7] [TrimController:18] ### name = name
INFO  [2025-06-20 16:32:51] [http-nio-23512-exec-7] [33d1bfe9-1408-4d3b-afff-019f14c9672a] [TrimController:17] ### RecordTestController.getTest
INFO  [2025-06-20 16:32:51] [http-nio-23512-exec-7] [33d1bfe9-1408-4d3b-afff-019f14c9672a] [TrimController:18] ### name = name
INFO  [2025-06-20 16:33:00] [SpringApplicationShutdownHook] [] [LocalContainerEntityManagerFactoryBean:650] Closing JPA EntityManagerFactory for persistence unit 'default'
INFO  [2025-06-20 16:33:00] [SpringApplicationShutdownHook] [] [HikariDataSource:350] HikariPool-1 - Shutdown initiated...
INFO  [2025-06-20 16:33:00] [SpringApplicationShutdownHook] [] [HikariDataSource:352] HikariPool-1 - Shutdown completed.
INFO  [2025-06-20 16:33:01] [main] [] [EtcApplication:50] Starting EtcApplication using Java 17.0.14 with PID 78462 (/Users/choibyungjae/Desktop/project/0.study/10.etc/etc/build/classes/java/main started by choibyungjae in /Users/choibyungjae/Desktop/project/0.study/10.etc/etc)
INFO  [2025-06-20 16:33:01] [main] [] [EtcApplication:654] No active profile set, falling back to 1 default profile: "default"
INFO  [2025-06-20 16:33:02] [main] [] [RepositoryConfigurationDelegate:143] Bootstrapping Spring Data JPA repositories in DEFAULT mode.
INFO  [2025-06-20 16:33:02] [main] [] [RepositoryConfigurationDelegate:211] Finished Spring Data repository scanning in 26 ms. Found 1 JPA repository interface.
INFO  [2025-06-20 16:33:02] [main] [] [TomcatWebServer:109] Tomcat initialized with port 23512 (http)
INFO  [2025-06-20 16:33:02] [main] [] [StandardService:173] Starting service [Tomcat]
INFO  [2025-06-20 16:33:02] [main] [] [StandardEngine:173] Starting Servlet engine: [Apache Tomcat/10.1.20]
INFO  [2025-06-20 16:33:02] [main] [] [[/]:173] Initializing Spring embedded WebApplicationContext
INFO  [2025-06-20 16:33:02] [main] [] [ServletWebServerApplicationContext:296] Root WebApplicationContext: initialization completed in 515 ms
INFO  [2025-06-20 16:33:02] [main] [] [LogHelper:31] HHH000204: Processing PersistenceUnitInfo [name: default]
INFO  [2025-06-20 16:33:02] [main] [] [Version:44] HHH000412: Hibernate ORM core version 6.4.4.Final
INFO  [2025-06-20 16:33:02] [main] [] [RegionFactoryInitiator:50] HHH000026: Second-level cache disabled
INFO  [2025-06-20 16:33:02] [main] [] [SpringPersistenceUnitInfo:87] No LoadTimeWeaver setup: ignoring JPA class transformer
INFO  [2025-06-20 16:33:02] [main] [] [HikariDataSource:110] HikariPool-1 - Starting...
INFO  [2025-06-20 16:33:02] [main] [] [HikariPool:565] HikariPool-1 - Added connection conn0: url=jdbc:h2:mem:b819ad32-bbd1-40a0-a31b-a922bd851a1e user=SA
INFO  [2025-06-20 16:33:02] [main] [] [HikariDataSource:123] HikariPool-1 - Start completed.
INFO  [2025-06-20 16:33:02] [main] [] [JtaPlatformInitiator:58] HHH000489: No JTA platform available (set 'hibernate.transaction.jta.platform' to enable JTA platform integration)
INFO  [2025-06-20 16:33:02] [main] [] [LocalContainerEntityManagerFactoryBean:437] Initialized JPA EntityManagerFactory for persistence unit 'default'
INFO  [2025-06-20 16:33:02] [main] [] [CompanyService:51] ### CompanyService.initData
WARN  [2025-06-20 16:33:03] [main] [] [JpaBaseConfiguration$JpaWebConfiguration:232] spring.jpa.open-in-view is enabled by default. Therefore, database queries may be performed during view rendering. Explicitly configure spring.jpa.open-in-view to disable this warning
INFO  [2025-06-20 16:33:03] [main] [] [TomcatWebServer:241] Tomcat started on port 23512 (http) with context path ''
INFO  [2025-06-20 16:33:03] [main] [] [EtcApplication:56] Started EtcApplication in 1.604 seconds (process running for 1.817)
INFO  [2025-06-20 16:33:04] [http-nio-23512-exec-1] [] [[/]:173] Initializing Spring DispatcherServlet 'dispatcherServlet'
INFO  [2025-06-20 16:33:04] [http-nio-23512-exec-1] [] [DispatcherServlet:532] Initializing Servlet 'dispatcherServlet'
INFO  [2025-06-20 16:33:04] [http-nio-23512-exec-1] [] [DispatcherServlet:554] Completed initialization in 1 ms
INFO  [2025-06-20 16:33:04] [http-nio-23512-exec-1] [a908a90b-5342-478d-866c-9ec343a0b287] [TrimController:17] ### RecordTestController.getTest
INFO  [2025-06-20 16:33:04] [http-nio-23512-exec-1] [a908a90b-5342-478d-866c-9ec343a0b287] [TrimController:18] ### name =name
INFO  [2025-06-20 16:33:05] [http-nio-23512-exec-3] [fe1ecc2e-b312-4ebe-995f-b3d8c6fee724] [TrimController:17] ### RecordTestController.getTest
INFO  [2025-06-20 16:33:05] [http-nio-23512-exec-3] [fe1ecc2e-b312-4ebe-995f-b3d8c6fee724] [TrimController:18] ### name =name
INFO  [2025-06-20 16:33:10] [http-nio-23512-exec-4] [58d3c0f1-cee0-42cf-b88e-355ac8ab4983] [TrimController:17] ### RecordTestController.getTest
INFO  [2025-06-20 16:33:10] [http-nio-23512-exec-4] [58d3c0f1-cee0-42cf-b88e-355ac8ab4983] [TrimController:18] ### name =name
INFO  [2025-06-20 16:33:13] [http-nio-23512-exec-5] [419a2258-220d-485e-93a0-a8eb0a5ebdfd] [TrimController:17] ### RecordTestController.getTest
INFO  [2025-06-20 16:33:13] [http-nio-23512-exec-5] [419a2258-220d-485e-93a0-a8eb0a5ebdfd] [TrimController:18] ### name =name
INFO  [2025-06-20 16:33:14] [http-nio-23512-exec-6] [3f835fdb-cea1-4ca2-8f39-b374c264037f] [TrimController:17] ### RecordTestController.getTest
INFO  [2025-06-20 16:33:14] [http-nio-23512-exec-6] [3f835fdb-cea1-4ca2-8f39-b374c264037f] [TrimController:18] ### name =name
INFO  [2025-06-20 16:33:22] [http-nio-23512-exec-7] [a9efbfaf-faf9-427e-8c48-83b53301cb7f] [TrimController:17] ### RecordTestController.getTest
INFO  [2025-06-20 16:33:22] [http-nio-23512-exec-7] [a9efbfaf-faf9-427e-8c48-83b53301cb7f] [TrimController:18] ### name =name
INFO  [2025-06-20 16:33:52] [http-nio-23512-exec-8] [82fb664d-5855-488c-b12e-ec445eaaca5c] [TrimController:33] ### RecordTestController.postTest
INFO  [2025-06-20 16:33:52] [http-nio-23512-exec-8] [82fb664d-5855-488c-b12e-ec445eaaca5c] [TrimController:34] ### person = TrimDto.Req.Person(name= nameTest , address=addressTest)
INFO  [2025-06-20 16:34:55] [SpringApplicationShutdownHook] [] [LocalContainerEntityManagerFactoryBean:650] Closing JPA EntityManagerFactory for persistence unit 'default'
INFO  [2025-06-20 16:34:55] [SpringApplicationShutdownHook] [] [HikariDataSource:350] HikariPool-1 - Shutdown initiated...
INFO  [2025-06-20 16:34:55] [SpringApplicationShutdownHook] [] [HikariDataSource:352] HikariPool-1 - Shutdown completed.
INFO  [2025-06-20 16:34:57] [main] [] [EtcApplication:50] Starting EtcApplication using Java 17.0.14 with PID 79070 (/Users/choibyungjae/Desktop/project/0.study/10.etc/etc/build/classes/java/main started by choibyungjae in /Users/choibyungjae/Desktop/project/0.study/10.etc/etc)
INFO  [2025-06-20 16:34:57] [main] [] [EtcApplication:654] No active profile set, falling back to 1 default profile: "default"
INFO  [2025-06-20 16:34:57] [main] [] [RepositoryConfigurationDelegate:143] Bootstrapping Spring Data JPA repositories in DEFAULT mode.
INFO  [2025-06-20 16:34:57] [main] [] [RepositoryConfigurationDelegate:211] Finished Spring Data repository scanning in 20 ms. Found 1 JPA repository interface.
INFO  [2025-06-20 16:34:57] [main] [] [TomcatWebServer:109] Tomcat initialized with port 23512 (http)
INFO  [2025-06-20 16:34:57] [main] [] [StandardService:173] Starting service [Tomcat]
INFO  [2025-06-20 16:34:57] [main] [] [StandardEngine:173] Starting Servlet engine: [Apache Tomcat/10.1.20]
INFO  [2025-06-20 16:34:57] [main] [] [[/]:173] Initializing Spring embedded WebApplicationContext
INFO  [2025-06-20 16:34:57] [main] [] [ServletWebServerApplicationContext:296] Root WebApplicationContext: initialization completed in 455 ms
INFO  [2025-06-20 16:34:57] [main] [] [LogHelper:31] HHH000204: Processing PersistenceUnitInfo [name: default]
INFO  [2025-06-20 16:34:57] [main] [] [Version:44] HHH000412: Hibernate ORM core version 6.4.4.Final
INFO  [2025-06-20 16:34:57] [main] [] [RegionFactoryInitiator:50] HHH000026: Second-level cache disabled
INFO  [2025-06-20 16:34:57] [main] [] [SpringPersistenceUnitInfo:87] No LoadTimeWeaver setup: ignoring JPA class transformer
INFO  [2025-06-20 16:34:57] [main] [] [HikariDataSource:110] HikariPool-1 - Starting...
INFO  [2025-06-20 16:34:57] [main] [] [HikariPool:565] HikariPool-1 - Added connection conn0: url=jdbc:h2:mem:2a204358-a483-473c-8ba7-2a2943484d38 user=SA
INFO  [2025-06-20 16:34:57] [main] [] [HikariDataSource:123] HikariPool-1 - Start completed.
INFO  [2025-06-20 16:34:58] [main] [] [JtaPlatformInitiator:58] HHH000489: No JTA platform available (set 'hibernate.transaction.jta.platform' to enable JTA platform integration)
INFO  [2025-06-20 16:34:58] [main] [] [LocalContainerEntityManagerFactoryBean:437] Initialized JPA EntityManagerFactory for persistence unit 'default'
INFO  [2025-06-20 16:34:58] [main] [] [CompanyService:51] ### CompanyService.initData
WARN  [2025-06-20 16:34:58] [main] [] [JpaBaseConfiguration$JpaWebConfiguration:232] spring.jpa.open-in-view is enabled by default. Therefore, database queries may be performed during view rendering. Explicitly configure spring.jpa.open-in-view to disable this warning
INFO  [2025-06-20 16:34:58] [main] [] [TomcatWebServer:241] Tomcat started on port 23512 (http) with context path ''
INFO  [2025-06-20 16:34:58] [main] [] [EtcApplication:56] Started EtcApplication in 1.512 seconds (process running for 1.85)
INFO  [2025-06-20 16:35:03] [http-nio-23512-exec-2] [] [[/]:173] Initializing Spring DispatcherServlet 'dispatcherServlet'
INFO  [2025-06-20 16:35:03] [http-nio-23512-exec-2] [] [DispatcherServlet:532] Initializing Servlet 'dispatcherServlet'
INFO  [2025-06-20 16:35:03] [http-nio-23512-exec-2] [] [DispatcherServlet:554] Completed initialization in 0 ms
INFO  [2025-06-20 16:35:03] [http-nio-23512-exec-2] [d02fb3b2-cf2b-4beb-a40c-5518e31d77b8] [TrimController:33] ### RecordTestController.postTest
INFO  [2025-06-20 16:35:03] [http-nio-23512-exec-2] [d02fb3b2-cf2b-4beb-a40c-5518e31d77b8] [TrimController:34] ### person = TrimDto.Req.Person(name=nameTest, address=addressTest)
INFO  [2025-06-20 16:41:48] [SpringApplicationShutdownHook] [] [LocalContainerEntityManagerFactoryBean:650] Closing JPA EntityManagerFactory for persistence unit 'default'
INFO  [2025-06-20 16:41:48] [SpringApplicationShutdownHook] [] [HikariDataSource:350] HikariPool-1 - Shutdown initiated...
INFO  [2025-06-20 16:41:48] [SpringApplicationShutdownHook] [] [HikariDataSource:352] HikariPool-1 - Shutdown completed.
INFO  [2025-06-20 16:41:50] [main] [] [EtcApplication:50] Starting EtcApplication using Java 17.0.14 with PID 81011 (/Users/choibyungjae/Desktop/project/0.study/10.etc/etc/build/classes/java/main started by choibyungjae in /Users/choibyungjae/Desktop/project/0.study/10.etc/etc)
INFO  [2025-06-20 16:41:50] [main] [] [EtcApplication:654] No active profile set, falling back to 1 default profile: "default"
INFO  [2025-06-20 16:41:50] [main] [] [RepositoryConfigurationDelegate:143] Bootstrapping Spring Data JPA repositories in DEFAULT mode.
INFO  [2025-06-20 16:41:50] [main] [] [RepositoryConfigurationDelegate:211] Finished Spring Data repository scanning in 22 ms. Found 1 JPA repository interface.
INFO  [2025-06-20 16:41:50] [main] [] [TomcatWebServer:109] Tomcat initialized with port 23512 (http)
INFO  [2025-06-20 16:41:50] [main] [] [StandardService:173] Starting service [Tomcat]
INFO  [2025-06-20 16:41:50] [main] [] [StandardEngine:173] Starting Servlet engine: [Apache Tomcat/10.1.20]
INFO  [2025-06-20 16:41:50] [main] [] [[/]:173] Initializing Spring embedded WebApplicationContext
INFO  [2025-06-20 16:41:50] [main] [] [ServletWebServerApplicationContext:296] Root WebApplicationContext: initialization completed in 626 ms
INFO  [2025-06-20 16:41:51] [main] [] [LogHelper:31] HHH000204: Processing PersistenceUnitInfo [name: default]
INFO  [2025-06-20 16:41:51] [main] [] [Version:44] HHH000412: Hibernate ORM core version 6.4.4.Final
INFO  [2025-06-20 16:41:51] [main] [] [RegionFactoryInitiator:50] HHH000026: Second-level cache disabled
INFO  [2025-06-20 16:41:51] [main] [] [SpringPersistenceUnitInfo:87] No LoadTimeWeaver setup: ignoring JPA class transformer
INFO  [2025-06-20 16:41:51] [main] [] [HikariDataSource:110] HikariPool-1 - Starting...
INFO  [2025-06-20 16:41:51] [main] [] [HikariPool:565] HikariPool-1 - Added connection conn0: url=jdbc:h2:mem:bed035bc-e2ef-43cd-9bba-eba11f349ad7 user=SA
INFO  [2025-06-20 16:41:51] [main] [] [HikariDataSource:123] HikariPool-1 - Start completed.
INFO  [2025-06-20 16:41:51] [main] [] [JtaPlatformInitiator:58] HHH000489: No JTA platform available (set 'hibernate.transaction.jta.platform' to enable JTA platform integration)
INFO  [2025-06-20 16:41:51] [main] [] [LocalContainerEntityManagerFactoryBean:437] Initialized JPA EntityManagerFactory for persistence unit 'default'
INFO  [2025-06-20 16:41:51] [main] [] [CompanyService:51] ### CompanyService.initData
WARN  [2025-06-20 16:41:51] [main] [] [JpaBaseConfiguration$JpaWebConfiguration:232] spring.jpa.open-in-view is enabled by default. Therefore, database queries may be performed during view rendering. Explicitly configure spring.jpa.open-in-view to disable this warning
INFO  [2025-06-20 16:41:51] [main] [] [TomcatWebServer:241] Tomcat started on port 23512 (http) with context path ''
INFO  [2025-06-20 16:41:51] [main] [] [EtcApplication:56] Started EtcApplication in 1.777 seconds (process running for 2.142)
INFO  [2025-06-20 16:41:56] [http-nio-23512-exec-2] [] [[/]:173] Initializing Spring DispatcherServlet 'dispatcherServlet'
INFO  [2025-06-20 16:41:56] [http-nio-23512-exec-2] [] [DispatcherServlet:532] Initializing Servlet 'dispatcherServlet'
INFO  [2025-06-20 16:41:56] [http-nio-23512-exec-2] [] [DispatcherServlet:554] Completed initialization in 0 ms
INFO  [2025-06-20 16:41:56] [http-nio-23512-exec-2] [66084d01-c61b-4763-8d81-d17a81da1590] [TrimController:26] ### RecordTestController.getTest
INFO  [2025-06-20 16:41:56] [http-nio-23512-exec-2] [66084d01-c61b-4763-8d81-d17a81da1590] [TrimController:27] ### name =name, address =null
INFO  [2025-06-20 17:23:51] [SpringApplicationShutdownHook] [] [LocalContainerEntityManagerFactoryBean:650] Closing JPA EntityManagerFactory for persistence unit 'default'
INFO  [2025-06-20 17:23:51] [SpringApplicationShutdownHook] [] [HikariDataSource:350] HikariPool-1 - Shutdown initiated...
INFO  [2025-06-20 17:23:51] [SpringApplicationShutdownHook] [] [HikariDataSource:352] HikariPool-1 - Shutdown completed.
INFO  [2025-06-20 17:23:53] [main] [] [EtcApplication:50] Starting EtcApplication using Java 17.0.14 with PID 93442 (/Users/choibyungjae/Desktop/project/0.study/10.etc/etc/build/classes/java/main started by choibyungjae in /Users/choibyungjae/Desktop/project/0.study/10.etc/etc)
INFO  [2025-06-20 17:23:53] [main] [] [EtcApplication:654] No active profile set, falling back to 1 default profile: "default"
INFO  [2025-06-20 17:23:53] [main] [] [RepositoryConfigurationDelegate:143] Bootstrapping Spring Data JPA repositories in DEFAULT mode.
INFO  [2025-06-20 17:23:53] [main] [] [RepositoryConfigurationDelegate:211] Finished Spring Data repository scanning in 23 ms. Found 1 JPA repository interface.
INFO  [2025-06-20 17:23:53] [main] [] [TomcatWebServer:109] Tomcat initialized with port 23512 (http)
INFO  [2025-06-20 17:23:53] [main] [] [StandardService:173] Starting service [Tomcat]
INFO  [2025-06-20 17:23:53] [main] [] [StandardEngine:173] Starting Servlet engine: [Apache Tomcat/10.1.20]
INFO  [2025-06-20 17:23:53] [main] [] [[/]:173] Initializing Spring embedded WebApplicationContext
INFO  [2025-06-20 17:23:53] [main] [] [ServletWebServerApplicationContext:296] Root WebApplicationContext: initialization completed in 472 ms
INFO  [2025-06-20 17:23:53] [main] [] [LogHelper:31] HHH000204: Processing PersistenceUnitInfo [name: default]
INFO  [2025-06-20 17:23:53] [main] [] [Version:44] HHH000412: Hibernate ORM core version 6.4.4.Final
INFO  [2025-06-20 17:23:53] [main] [] [RegionFactoryInitiator:50] HHH000026: Second-level cache disabled
INFO  [2025-06-20 17:23:53] [main] [] [SpringPersistenceUnitInfo:87] No LoadTimeWeaver setup: ignoring JPA class transformer
INFO  [2025-06-20 17:23:54] [main] [] [HikariDataSource:110] HikariPool-1 - Starting...
INFO  [2025-06-20 17:23:54] [main] [] [HikariPool:565] HikariPool-1 - Added connection conn0: url=jdbc:h2:mem:53e8ffb8-316d-46bd-8572-e6db237f5167 user=SA
INFO  [2025-06-20 17:23:54] [main] [] [HikariDataSource:123] HikariPool-1 - Start completed.
INFO  [2025-06-20 17:23:54] [main] [] [JtaPlatformInitiator:58] HHH000489: No JTA platform available (set 'hibernate.transaction.jta.platform' to enable JTA platform integration)
INFO  [2025-06-20 17:23:54] [main] [] [LocalContainerEntityManagerFactoryBean:437] Initialized JPA EntityManagerFactory for persistence unit 'default'
INFO  [2025-06-20 17:23:54] [main] [] [CompanyService:51] ### CompanyService.initData
WARN  [2025-06-20 17:23:54] [main] [] [JpaBaseConfiguration$JpaWebConfiguration:232] spring.jpa.open-in-view is enabled by default. Therefore, database queries may be performed during view rendering. Explicitly configure spring.jpa.open-in-view to disable this warning
INFO  [2025-06-20 17:23:54] [main] [] [TomcatWebServer:241] Tomcat started on port 23512 (http) with context path ''
INFO  [2025-06-20 17:23:54] [main] [] [EtcApplication:56] Started EtcApplication in 1.579 seconds (process running for 2.0)
INFO  [2025-06-20 17:23:57] [http-nio-23512-exec-2] [] [[/]:173] Initializing Spring DispatcherServlet 'dispatcherServlet'
INFO  [2025-06-20 17:23:57] [http-nio-23512-exec-2] [] [DispatcherServlet:532] Initializing Servlet 'dispatcherServlet'
INFO  [2025-06-20 17:23:57] [http-nio-23512-exec-2] [] [DispatcherServlet:554] Completed initialization in 1 ms
INFO  [2025-06-20 17:23:57] [http-nio-23512-exec-2] [dc51cede-15fc-4f28-b2d9-2d391c36a42b] [TrimController:33] ### RecordTestController.postTest
INFO  [2025-06-20 17:23:57] [http-nio-23512-exec-2] [dc51cede-15fc-4f28-b2d9-2d391c36a42b] [TrimController:34] ### person = TrimDto.Req.Person(name=nameTest, address=addressTest)
WARN  [2025-06-20 17:24:07] [http-nio-23512-exec-3] [278bc231-36fd-4179-91b3-43781cdf6d45] [DefaultHandlerExceptionResolver:247] Resolved [org.springframework.web.bind.MethodArgumentNotValidException: Validation failed for argument [0] in public java.lang.String kr.co.choi.etc.Trim.controller.TrimController.postTest(kr.co.choi.etc.Trim.dto.TrimDto$Req$Person): [Field error in object 'person' on field 'name': rejected value [null]; codes [NotBlank.person.name,NotBlank.name,NotBlank.java.lang.String,NotBlank]; arguments [org.springframework.context.support.DefaultMessageSourceResolvable: codes [person.name,name]; arguments []; default message [name]]; default message [name 값을 입력해 주세요]] ]
INFO  [2025-06-20 17:24:24] [http-nio-23512-exec-5] [8681877a-9ad1-4ac0-b4ed-e17ddc4ccaf8] [TrimController:33] ### RecordTestController.postTest
INFO  [2025-06-20 17:24:24] [http-nio-23512-exec-5] [8681877a-9ad1-4ac0-b4ed-e17ddc4ccaf8] [TrimController:34] ### person = TrimDto.Req.Person(name=nameTest, address=null)
INFO  [2025-06-20 17:24:30] [http-nio-23512-exec-6] [aa5f6257-8ae5-4c95-90bd-e5e17d66082b] [TrimController:33] ### RecordTestController.postTest
INFO  [2025-06-20 17:24:30] [http-nio-23512-exec-6] [aa5f6257-8ae5-4c95-90bd-e5e17d66082b] [TrimController:34] ### person = TrimDto.Req.Person(name=nameTest, address=null)
INFO  [2025-06-20 17:24:54] [SpringApplicationShutdownHook] [] [LocalContainerEntityManagerFactoryBean:650] Closing JPA EntityManagerFactory for persistence unit 'default'
INFO  [2025-06-20 17:24:54] [SpringApplicationShutdownHook] [] [HikariDataSource:350] HikariPool-1 - Shutdown initiated...
INFO  [2025-06-20 17:24:54] [SpringApplicationShutdownHook] [] [HikariDataSource:352] HikariPool-1 - Shutdown completed.
INFO  [2025-06-20 17:24:56] [main] [] [EtcApplication:50] Starting EtcApplication using Java 17.0.14 with PID 93748 (/Users/choibyungjae/Desktop/project/0.study/10.etc/etc/build/classes/java/main started by choibyungjae in /Users/choibyungjae/Desktop/project/0.study/10.etc/etc)
INFO  [2025-06-20 17:24:56] [main] [] [EtcApplication:654] No active profile set, falling back to 1 default profile: "default"
INFO  [2025-06-20 17:24:56] [main] [] [RepositoryConfigurationDelegate:143] Bootstrapping Spring Data JPA repositories in DEFAULT mode.
INFO  [2025-06-20 17:24:56] [main] [] [RepositoryConfigurationDelegate:211] Finished Spring Data repository scanning in 22 ms. Found 1 JPA repository interface.
INFO  [2025-06-20 17:24:56] [main] [] [TomcatWebServer:109] Tomcat initialized with port 23512 (http)
INFO  [2025-06-20 17:24:56] [main] [] [StandardService:173] Starting service [Tomcat]
INFO  [2025-06-20 17:24:56] [main] [] [StandardEngine:173] Starting Servlet engine: [Apache Tomcat/10.1.20]
INFO  [2025-06-20 17:24:56] [main] [] [[/]:173] Initializing Spring embedded WebApplicationContext
INFO  [2025-06-20 17:24:56] [main] [] [ServletWebServerApplicationContext:296] Root WebApplicationContext: initialization completed in 529 ms
INFO  [2025-06-20 17:24:56] [main] [] [LogHelper:31] HHH000204: Processing PersistenceUnitInfo [name: default]
INFO  [2025-06-20 17:24:56] [main] [] [Version:44] HHH000412: Hibernate ORM core version 6.4.4.Final
INFO  [2025-06-20 17:24:56] [main] [] [RegionFactoryInitiator:50] HHH000026: Second-level cache disabled
INFO  [2025-06-20 17:24:56] [main] [] [SpringPersistenceUnitInfo:87] No LoadTimeWeaver setup: ignoring JPA class transformer
INFO  [2025-06-20 17:24:56] [main] [] [HikariDataSource:110] HikariPool-1 - Starting...
INFO  [2025-06-20 17:24:56] [main] [] [HikariPool:565] HikariPool-1 - Added connection conn0: url=jdbc:h2:mem:2648a958-0722-4b73-b3e0-06ab03e23822 user=SA
INFO  [2025-06-20 17:24:56] [main] [] [HikariDataSource:123] HikariPool-1 - Start completed.
INFO  [2025-06-20 17:24:57] [main] [] [JtaPlatformInitiator:58] HHH000489: No JTA platform available (set 'hibernate.transaction.jta.platform' to enable JTA platform integration)
INFO  [2025-06-20 17:24:57] [main] [] [LocalContainerEntityManagerFactoryBean:437] Initialized JPA EntityManagerFactory for persistence unit 'default'
INFO  [2025-06-20 17:24:57] [main] [] [CompanyService:51] ### CompanyService.initData
WARN  [2025-06-20 17:24:57] [main] [] [JpaBaseConfiguration$JpaWebConfiguration:232] spring.jpa.open-in-view is enabled by default. Therefore, database queries may be performed during view rendering. Explicitly configure spring.jpa.open-in-view to disable this warning
INFO  [2025-06-20 17:24:57] [main] [] [TomcatWebServer:241] Tomcat started on port 23512 (http) with context path ''
INFO  [2025-06-20 17:24:57] [main] [] [EtcApplication:56] Started EtcApplication in 1.608 seconds (process running for 1.815)
INFO  [2025-06-20 17:25:05] [http-nio-23512-exec-2] [] [[/]:173] Initializing Spring DispatcherServlet 'dispatcherServlet'
INFO  [2025-06-20 17:25:05] [http-nio-23512-exec-2] [] [DispatcherServlet:532] Initializing Servlet 'dispatcherServlet'
INFO  [2025-06-20 17:25:05] [http-nio-23512-exec-2] [] [DispatcherServlet:554] Completed initialization in 1 ms
INFO  [2025-06-20 17:25:05] [http-nio-23512-exec-2] [964ff38f-3082-4d24-8494-d2eb90d6e7aa] [TrimController:33] ### RecordTestController.postTest
INFO  [2025-06-20 17:25:05] [http-nio-23512-exec-2] [964ff38f-3082-4d24-8494-d2eb90d6e7aa] [TrimController:34] ### person = TrimDto.Req.Person(name= nameTest , address=)
INFO  [2025-06-20 17:28:32] [SpringApplicationShutdownHook] [] [LocalContainerEntityManagerFactoryBean:650] Closing JPA EntityManagerFactory for persistence unit 'default'
INFO  [2025-06-20 17:28:32] [SpringApplicationShutdownHook] [] [HikariDataSource:350] HikariPool-1 - Shutdown initiated...
INFO  [2025-06-20 17:28:32] [SpringApplicationShutdownHook] [] [HikariDataSource:352] HikariPool-1 - Shutdown completed.
