[[34mINFO [0;39m] [2024-11-20 18:26:34] [main] [] [EtcApplication:50] Starting EtcApplication using Java 17.0.10 with PID 63195 (/Users/choibyungjae/Desktop/project/0.study/10.etc/etc/build/classes/java/main started by choibyungjae in /Users/choibyungjae/Desktop/project/0.study/10.etc/etc)
[[34mINFO [0;39m] [2024-11-20 18:26:34] [main] [] [EtcApplication:654] No active profile set, falling back to 1 default profile: "default"
[[34mINFO [0;39m] [2024-11-20 18:26:35] [main] [] [RepositoryConfigurationDelegate:143] Bootstrapping Spring Data JPA repositories in DEFAULT mode.
[[34mINFO [0;39m] [2024-11-20 18:26:35] [main] [] [RepositoryConfigurationDelegate:211] Finished Spring Data repository scanning in 15 ms. Found 1 JPA repository interface.
[[34mINFO [0;39m] [2024-11-20 18:26:35] [main] [] [TomcatWebServer:109] Tomcat initialized with port 23512 (http)
[[34mINFO [0;39m] [2024-11-20 18:26:35] [main] [] [StandardService:173] Starting service [Tomcat]
[[34mINFO [0;39m] [2024-11-20 18:26:35] [main] [] [StandardEngine:173] Starting Servlet engine: [Apache Tomcat/10.1.20]
[[34mINFO [0;39m] [2024-11-20 18:26:35] [main] [] [[/]:173] Initializing Spring embedded WebApplicationContext
[[34mINFO [0;39m] [2024-11-20 18:26:35] [main] [] [ServletWebServerApplicationContext:296] Root WebApplicationContext: initialization completed in 420 ms
[[34mINFO [0;39m] [2024-11-20 18:26:35] [main] [] [HikariDataSource:110] HikariPool-1 - Starting...
[[34mINFO [0;39m] [2024-11-20 18:26:35] [main] [] [HikariPool:565] HikariPool-1 - Added connection conn0: url=jdbc:h2:mem:e468f49d-4b46-4b3e-b3f7-134f7ec9454e user=SA
[[34mINFO [0;39m] [2024-11-20 18:26:35] [main] [] [HikariDataSource:123] HikariPool-1 - Start completed.
[[34mINFO [0;39m] [2024-11-20 18:26:35] [main] [] [LogHelper:31] HHH000204: Processing PersistenceUnitInfo [name: default]
[[34mINFO [0;39m] [2024-11-20 18:26:35] [main] [] [Version:44] HHH000412: Hibernate ORM core version 6.4.4.Final
[[34mINFO [0;39m] [2024-11-20 18:26:35] [main] [] [RegionFactoryInitiator:50] HHH000026: Second-level cache disabled
[[34mINFO [0;39m] [2024-11-20 18:26:35] [main] [] [SpringPersistenceUnitInfo:87] No LoadTimeWeaver setup: ignoring JPA class transformer
[[34mINFO [0;39m] [2024-11-20 18:26:35] [main] [] [JtaPlatformInitiator:58] HHH000489: No JTA platform available (set 'hibernate.transaction.jta.platform' to enable JTA platform integration)
[[34mINFO [0;39m] [2024-11-20 18:26:35] [main] [] [LocalContainerEntityManagerFactoryBean:437] Initialized JPA EntityManagerFactory for persistence unit 'default'
[[31mWARN [0;39m] [2024-11-20 18:26:36] [main] [] [JpaBaseConfiguration$JpaWebConfiguration:232] spring.jpa.open-in-view is enabled by default. Therefore, database queries may be performed during view rendering. Explicitly configure spring.jpa.open-in-view to disable this warning
[[34mINFO [0;39m] [2024-11-20 18:26:36] [main] [] [TomcatWebServer:241] Tomcat started on port 23512 (http) with context path ''
[[34mINFO [0;39m] [2024-11-20 18:26:36] [main] [] [EtcApplication:56] Started EtcApplication in 1.455 seconds (process running for 1.709)
[[34mINFO [0;39m] [2024-11-20 18:50:16] [SpringApplicationShutdownHook] [] [LocalContainerEntityManagerFactoryBean:650] Closing JPA EntityManagerFactory for persistence unit 'default'
[[34mINFO [0;39m] [2024-11-20 18:50:16] [SpringApplicationShutdownHook] [] [HikariDataSource:350] HikariPool-1 - Shutdown initiated...
[[34mINFO [0;39m] [2024-11-20 18:50:16] [SpringApplicationShutdownHook] [] [HikariDataSource:352] HikariPool-1 - Shutdown completed.
